{"C:\\Users\\Mariana\\Desktop\\tech-challenge\\server.js": {"path":"C:\\Users\\Mariana\\Desktop\\tech-challenge\\server.js","statementMap":{"0":{"start":{"line":1,"column":16},"end":{"line":1,"column":36}},"1":{"start":{"line":2,"column":16},"end":{"line":2,"column":34}},"2":{"start":{"line":3,"column":19},"end":{"line":3,"column":41}},"3":{"start":{"line":4,"column":17},"end":{"line":4,"column":36}},"4":{"start":{"line":5,"column":0},"end":{"line":5,"column":27}},"5":{"start":{"line":7,"column":12},"end":{"line":7,"column":21}},"6":{"start":{"line":8,"column":13},"end":{"line":8,"column":37}},"7":{"start":{"line":11,"column":0},"end":{"line":11,"column":24}},"8":{"start":{"line":12,"column":0},"end":{"line":12,"column":27}},"9":{"start":{"line":13,"column":0},"end":{"line":13,"column":27}},"10":{"start":{"line":17,"column":0},"end":{"line":19,"column":72}},"11":{"start":{"line":18,"column":16},"end":{"line":18,"column":48}},"12":{"start":{"line":19,"column":20},"end":{"line":19,"column":70}},"13":{"start":{"line":22,"column":0},"end":{"line":22,"column":62}},"14":{"start":{"line":22,"column":27},"end":{"line":22,"column":60}},"15":{"start":{"line":24,"column":0},"end":{"line":26,"column":3}},"16":{"start":{"line":25,"column":4},"end":{"line":25,"column":20}},"17":{"start":{"line":28,"column":0},"end":{"line":35,"column":3}},"18":{"start":{"line":29,"column":19},"end":{"line":29,"column":29}},"19":{"start":{"line":30,"column":17},"end":{"line":30,"column":55}},"20":{"start":{"line":30,"column":33},"end":{"line":30,"column":54}},"21":{"start":{"line":31,"column":4},"end":{"line":33,"column":5}},"22":{"start":{"line":32,"column":8},"end":{"line":32,"column":70}},"23":{"start":{"line":34,"column":4},"end":{"line":34,"column":19}},"24":{"start":{"line":37,"column":14},"end":{"line":42,"column":1}},"25":{"start":{"line":43,"column":13},"end":{"line":43,"column":14}},"26":{"start":{"line":46,"column":0},"end":{"line":57,"column":3}},"27":{"start":{"line":47,"column":4},"end":{"line":47,"column":54}},"28":{"start":{"line":48,"column":40},"end":{"line":48,"column":48}},"29":{"start":{"line":50,"column":4},"end":{"line":52,"column":5}},"30":{"start":{"line":51,"column":8},"end":{"line":51,"column":96}},"31":{"start":{"line":54,"column":21},"end":{"line":54,"column":62}},"32":{"start":{"line":55,"column":4},"end":{"line":55,"column":25}},"33":{"start":{"line":56,"column":4},"end":{"line":56,"column":35}},"34":{"start":{"line":61,"column":0},"end":{"line":75,"column":3}},"35":{"start":{"line":62,"column":19},"end":{"line":62,"column":29}},"36":{"start":{"line":63,"column":40},"end":{"line":63,"column":48}},"37":{"start":{"line":64,"column":17},"end":{"line":64,"column":55}},"38":{"start":{"line":64,"column":33},"end":{"line":64,"column":54}},"39":{"start":{"line":66,"column":4},"end":{"line":68,"column":5}},"40":{"start":{"line":67,"column":8},"end":{"line":67,"column":70}},"41":{"start":{"line":70,"column":4},"end":{"line":70,"column":37}},"42":{"start":{"line":70,"column":16},"end":{"line":70,"column":37}},"43":{"start":{"line":71,"column":4},"end":{"line":71,"column":43}},"44":{"start":{"line":71,"column":18},"end":{"line":71,"column":43}},"45":{"start":{"line":72,"column":4},"end":{"line":72,"column":34}},"46":{"start":{"line":72,"column":15},"end":{"line":72,"column":34}},"47":{"start":{"line":74,"column":4},"end":{"line":74,"column":19}},"48":{"start":{"line":77,"column":0},"end":{"line":87,"column":3}},"49":{"start":{"line":78,"column":19},"end":{"line":78,"column":29}},"50":{"start":{"line":79,"column":18},"end":{"line":79,"column":61}},"51":{"start":{"line":79,"column":39},"end":{"line":79,"column":60}},"52":{"start":{"line":81,"column":4},"end":{"line":83,"column":5}},"53":{"start":{"line":82,"column":8},"end":{"line":82,"column":70}},"54":{"start":{"line":85,"column":4},"end":{"line":85,"column":27}},"55":{"start":{"line":86,"column":4},"end":{"line":86,"column":27}},"56":{"start":{"line":89,"column":0},"end":{"line":125,"column":3}},"57":{"start":{"line":90,"column":33},"end":{"line":90,"column":42}},"58":{"start":{"line":93,"column":4},"end":{"line":95,"column":5}},"59":{"start":{"line":94,"column":8},"end":{"line":94,"column":126}},"60":{"start":{"line":98,"column":29},"end":{"line":116,"column":6}},"61":{"start":{"line":99,"column":26},"end":{"line":99,"column":30}},"62":{"start":{"line":100,"column":28},"end":{"line":100,"column":32}},"63":{"start":{"line":103,"column":8},"end":{"line":106,"column":9}},"64":{"start":{"line":104,"column":32},"end":{"line":104,"column":52}},"65":{"start":{"line":105,"column":12},"end":{"line":105,"column":74}},"66":{"start":{"line":109,"column":8},"end":{"line":112,"column":9}},"67":{"start":{"line":110,"column":34},"end":{"line":110,"column":56}},"68":{"start":{"line":111,"column":12},"end":{"line":111,"column":80}},"69":{"start":{"line":115,"column":8},"end":{"line":115,"column":44}},"70":{"start":{"line":119,"column":4},"end":{"line":121,"column":5}},"71":{"start":{"line":120,"column":8},"end":{"line":120,"column":101}},"72":{"start":{"line":124,"column":4},"end":{"line":124,"column":31}},"73":{"start":{"line":130,"column":0},"end":{"line":132,"column":1}},"74":{"start":{"line":131,"column":4},"end":{"line":131,"column":76}},"75":{"start":{"line":131,"column":27},"end":{"line":131,"column":74}},"76":{"start":{"line":135,"column":0},"end":{"line":135,"column":21}}},"fnMap":{"0":{"name":"(anonymous_0)","decl":{"start":{"line":18,"column":10},"end":{"line":18,"column":11}},"loc":{"start":{"line":18,"column":16},"end":{"line":18,"column":48}},"line":18},"1":{"name":"(anonymous_1)","decl":{"start":{"line":19,"column":11},"end":{"line":19,"column":12}},"loc":{"start":{"line":19,"column":20},"end":{"line":19,"column":70}},"line":19},"2":{"name":"(anonymous_2)","decl":{"start":{"line":22,"column":13},"end":{"line":22,"column":14}},"loc":{"start":{"line":22,"column":27},"end":{"line":22,"column":60}},"line":22},"3":{"name":"(anonymous_3)","decl":{"start":{"line":24,"column":18},"end":{"line":24,"column":19}},"loc":{"start":{"line":24,"column":32},"end":{"line":26,"column":1}},"line":24},"4":{"name":"(anonymous_4)","decl":{"start":{"line":28,"column":22},"end":{"line":28,"column":23}},"loc":{"start":{"line":28,"column":36},"end":{"line":35,"column":1}},"line":28},"5":{"name":"(anonymous_5)","decl":{"start":{"line":30,"column":28},"end":{"line":30,"column":29}},"loc":{"start":{"line":30,"column":33},"end":{"line":30,"column":54}},"line":30},"6":{"name":"(anonymous_6)","decl":{"start":{"line":46,"column":19},"end":{"line":46,"column":20}},"loc":{"start":{"line":46,"column":33},"end":{"line":57,"column":1}},"line":46},"7":{"name":"(anonymous_7)","decl":{"start":{"line":61,"column":22},"end":{"line":61,"column":23}},"loc":{"start":{"line":61,"column":36},"end":{"line":75,"column":1}},"line":61},"8":{"name":"(anonymous_8)","decl":{"start":{"line":64,"column":28},"end":{"line":64,"column":29}},"loc":{"start":{"line":64,"column":33},"end":{"line":64,"column":54}},"line":64},"9":{"name":"(anonymous_9)","decl":{"start":{"line":77,"column":25},"end":{"line":77,"column":26}},"loc":{"start":{"line":77,"column":39},"end":{"line":87,"column":1}},"line":77},"10":{"name":"(anonymous_10)","decl":{"start":{"line":79,"column":34},"end":{"line":79,"column":35}},"loc":{"start":{"line":79,"column":39},"end":{"line":79,"column":60}},"line":79},"11":{"name":"(anonymous_11)","decl":{"start":{"line":89,"column":25},"end":{"line":89,"column":26}},"loc":{"start":{"line":89,"column":39},"end":{"line":125,"column":1}},"line":89},"12":{"name":"(anonymous_12)","decl":{"start":{"line":98,"column":42},"end":{"line":98,"column":43}},"loc":{"start":{"line":98,"column":50},"end":{"line":116,"column":5}},"line":98},"13":{"name":"(anonymous_13)","decl":{"start":{"line":131,"column":21},"end":{"line":131,"column":22}},"loc":{"start":{"line":131,"column":27},"end":{"line":131,"column":74}},"line":131}},"branchMap":{"0":{"loc":{"start":{"line":8,"column":13},"end":{"line":8,"column":37}},"type":"binary-expr","locations":[{"start":{"line":8,"column":13},"end":{"line":8,"column":29}},{"start":{"line":8,"column":33},"end":{"line":8,"column":37}}],"line":8},"1":{"loc":{"start":{"line":31,"column":4},"end":{"line":33,"column":5}},"type":"if","locations":[{"start":{"line":31,"column":4},"end":{"line":33,"column":5}},{"start":{},"end":{}}],"line":31},"2":{"loc":{"start":{"line":50,"column":4},"end":{"line":52,"column":5}},"type":"if","locations":[{"start":{"line":50,"column":4},"end":{"line":52,"column":5}},{"start":{},"end":{}}],"line":50},"3":{"loc":{"start":{"line":50,"column":8},"end":{"line":50,"column":38}},"type":"binary-expr","locations":[{"start":{"line":50,"column":8},"end":{"line":50,"column":15}},{"start":{"line":50,"column":19},"end":{"line":50,"column":28}},{"start":{"line":50,"column":32},"end":{"line":50,"column":38}}],"line":50},"4":{"loc":{"start":{"line":66,"column":4},"end":{"line":68,"column":5}},"type":"if","locations":[{"start":{"line":66,"column":4},"end":{"line":68,"column":5}},{"start":{},"end":{}}],"line":66},"5":{"loc":{"start":{"line":70,"column":4},"end":{"line":70,"column":37}},"type":"if","locations":[{"start":{"line":70,"column":4},"end":{"line":70,"column":37}},{"start":{},"end":{}}],"line":70},"6":{"loc":{"start":{"line":71,"column":4},"end":{"line":71,"column":43}},"type":"if","locations":[{"start":{"line":71,"column":4},"end":{"line":71,"column":43}},{"start":{},"end":{}}],"line":71},"7":{"loc":{"start":{"line":72,"column":4},"end":{"line":72,"column":34}},"type":"if","locations":[{"start":{"line":72,"column":4},"end":{"line":72,"column":34}},{"start":{},"end":{}}],"line":72},"8":{"loc":{"start":{"line":81,"column":4},"end":{"line":83,"column":5}},"type":"if","locations":[{"start":{"line":81,"column":4},"end":{"line":83,"column":5}},{"start":{},"end":{}}],"line":81},"9":{"loc":{"start":{"line":93,"column":4},"end":{"line":95,"column":5}},"type":"if","locations":[{"start":{"line":93,"column":4},"end":{"line":95,"column":5}},{"start":{},"end":{}}],"line":93},"10":{"loc":{"start":{"line":93,"column":8},"end":{"line":93,"column":28}},"type":"binary-expr","locations":[{"start":{"line":93,"column":8},"end":{"line":93,"column":15}},{"start":{"line":93,"column":19},"end":{"line":93,"column":28}}],"line":93},"11":{"loc":{"start":{"line":103,"column":8},"end":{"line":106,"column":9}},"type":"if","locations":[{"start":{"line":103,"column":8},"end":{"line":106,"column":9}},{"start":{},"end":{}}],"line":103},"12":{"loc":{"start":{"line":109,"column":8},"end":{"line":112,"column":9}},"type":"if","locations":[{"start":{"line":109,"column":8},"end":{"line":112,"column":9}},{"start":{},"end":{}}],"line":109},"13":{"loc":{"start":{"line":115,"column":15},"end":{"line":115,"column":43}},"type":"binary-expr","locations":[{"start":{"line":115,"column":15},"end":{"line":115,"column":26}},{"start":{"line":115,"column":30},"end":{"line":115,"column":43}}],"line":115},"14":{"loc":{"start":{"line":119,"column":4},"end":{"line":121,"column":5}},"type":"if","locations":[{"start":{"line":119,"column":4},"end":{"line":121,"column":5}},{"start":{},"end":{}}],"line":119},"15":{"loc":{"start":{"line":130,"column":0},"end":{"line":132,"column":1}},"type":"if","locations":[{"start":{"line":130,"column":0},"end":{"line":132,"column":1}},{"start":{},"end":{}}],"line":130}},"s":{"0":1,"1":1,"2":1,"3":1,"4":1,"5":1,"6":1,"7":1,"8":1,"9":1,"10":1,"11":1,"12":0,"13":1,"14":1,"15":1,"16":1,"17":1,"18":9,"19":9,"20":53,"21":9,"22":9,"23":0,"24":1,"25":1,"26":1,"27":3,"28":3,"29":3,"30":0,"31":3,"32":3,"33":3,"34":1,"35":1,"36":1,"37":1,"38":2,"39":1,"40":0,"41":1,"42":1,"43":1,"44":1,"45":1,"46":1,"47":1,"48":1,"49":1,"50":1,"51":2,"52":1,"53":0,"54":1,"55":1,"56":1,"57":0,"58":0,"59":0,"60":0,"61":0,"62":0,"63":0,"64":0,"65":0,"66":0,"67":0,"68":0,"69":0,"70":0,"71":0,"72":0,"73":1,"74":0,"75":0,"76":1},"f":{"0":1,"1":0,"2":1,"3":1,"4":9,"5":53,"6":3,"7":1,"8":2,"9":1,"10":2,"11":0,"12":0,"13":0},"b":{"0":[1,0],"1":[9,0],"2":[0,3],"3":[3,3,3],"4":[0,1],"5":[1,0],"6":[1,0],"7":[1,0],"8":[0,1],"9":[0,0],"10":[0,0],"11":[0,0],"12":[0,0],"13":[0,0],"14":[0,0],"15":[0,1]},"_coverageSchema":"1a1c01bbd47fc00a2c39e90264f33305004495a9","hash":"e0788a3cd6f5cf16c66257faba414545b4bba158"}
}
