TN:
SF:server.js
FN:18,(anonymous_0)
FN:19,(anonymous_1)
FN:22,(anonymous_2)
FN:24,(anonymous_3)
FN:28,(anonymous_4)
FN:30,(anonymous_5)
FN:46,(anonymous_6)
FN:61,(anonymous_7)
FN:64,(anonymous_8)
FN:77,(anonymous_9)
FN:79,(anonymous_10)
FN:89,(anonymous_11)
FN:98,(anonymous_12)
FN:131,(anonymous_13)
FNF:14
FNH:10
FNDA:1,(anonymous_0)
FNDA:0,(anonymous_1)
FNDA:1,(anonymous_2)
FNDA:1,(anonymous_3)
FNDA:9,(anonymous_4)
FNDA:53,(anonymous_5)
FNDA:3,(anonymous_6)
FNDA:1,(anonymous_7)
FNDA:2,(anonymous_8)
FNDA:1,(anonymous_9)
FNDA:2,(anonymous_10)
FNDA:0,(anonymous_11)
FNDA:0,(anonymous_12)
FNDA:0,(anonymous_13)
DA:1,1
DA:2,1
DA:3,1
DA:4,1
DA:5,1
DA:7,1
DA:8,1
DA:11,1
DA:12,1
DA:13,1
DA:17,1
DA:18,1
DA:19,0
DA:22,1
DA:24,1
DA:25,1
DA:28,1
DA:29,9
DA:30,53
DA:31,9
DA:32,9
DA:34,0
DA:37,1
DA:43,1
DA:46,1
DA:47,3
DA:48,3
DA:50,3
DA:51,0
DA:54,3
DA:55,3
DA:56,3
DA:61,1
DA:62,1
DA:63,1
DA:64,2
DA:66,1
DA:67,0
DA:70,1
DA:71,1
DA:72,1
DA:74,1
DA:77,1
DA:78,1
DA:79,2
DA:81,1
DA:82,0
DA:85,1
DA:86,1
DA:89,1
DA:90,0
DA:93,0
DA:94,0
DA:98,0
DA:99,0
DA:100,0
DA:103,0
DA:104,0
DA:105,0
DA:109,0
DA:110,0
DA:111,0
DA:115,0
DA:119,0
DA:120,0
DA:124,0
DA:130,1
DA:131,0
DA:135,1
LF:69
LH:47
BRDA:8,0,0,1
BRDA:8,0,1,0
BRDA:31,1,0,9
BRDA:31,1,1,0
BRDA:50,2,0,0
BRDA:50,2,1,3
BRDA:50,3,0,3
BRDA:50,3,1,3
BRDA:50,3,2,3
BRDA:66,4,0,0
BRDA:66,4,1,1
BRDA:70,5,0,1
BRDA:70,5,1,0
BRDA:71,6,0,1
BRDA:71,6,1,0
BRDA:72,7,0,1
BRDA:72,7,1,0
BRDA:81,8,0,0
BRDA:81,8,1,1
BRDA:93,9,0,0
BRDA:93,9,1,0
BRDA:93,10,0,0
BRDA:93,10,1,0
BRDA:103,11,0,0
BRDA:103,11,1,0
BRDA:109,12,0,0
BRDA:109,12,1,0
BRDA:115,13,0,0
BRDA:115,13,1,0
BRDA:119,14,0,0
BRDA:119,14,1,0
BRDA:130,15,0,0
BRDA:130,15,1,1
BRF:33
BRH:12
end_of_record
